ASUS 1200
ASUS R6300
ASUS R6400
ASUS R7000
ASUS R8000
ASUS RT-AC1750
ASUS RT-AC1900P
ASUS BRT-AC828
ASUS Blue Cave
ASUS GT-AC5300
ASUS GT-AX11000
ASUS Grey
ASUS RT-AC1300
ASUS RT-AC3100
ASUS RT-AC3200
ASUS RT-AC51
ASUS RT-AC52
ASUS RT-AC53
ASUS RT-AC55
ASUS RT-AC56
ASUS RT-AC58
ASUS RT-AC66
ASUS RT-AC68
ASUS RT-AC75
ASUS RT-AC85
ASUS RT-AC86
ASUS RT-AC87
ASUS RT-AC88
ASUS RT-AX88
ASUS RT-N10P Black
ASUS RT-N10PV2 Black
ASUS RT-N10U Black
ASUS RT-N11P Black
ASUS RT-N12 Black
ASUS RT-N12 Rev.B1 Black
ASUS RT-N12 Rev.C1 Black
ASUS RT-N12 Rev.D1 Black
ASUS RT-N12+ Black
ASUS RT-N12HP Rev.B1 Black
ASUS RT-N12HP Rev.B1 Black
ASUS RT-N14
ASUS RT-N13
ASUS RT-N15U
ASUS RT-N16
ASUS RT-N18U
ASUS RT-N56U Black
ASUS RT-N53
ASUS RT-N65U
ASUS RT-N66
ASUS RT-N800HP
ASUS TM-AC1900
DD-WRT
DSR-1000AC
DSR-150
DSR-250
DSR-500
DrayTek Vigor
KEENETIC
Keenetic
LLC WRT
OpenWrt
Archer C1200
Archer C2300
Archer C3150
Archer C4000
Archer C5400
TP-LINK TL-ER6020
TP-LINK TL-ER6120
TP-LINK TL-R600
TP-LINK TL-WR941
TRENDnet AC3000
﻿DIR-140
BiPAC
TEW-828DRU
TEW-829DRU
TEW-827DRU
TW100-BRV
MikroTik
NETGEAR R6250
NETGEAR R6350
NETGEAR R6400
NETGEAR R6800
NETGEAR R7500
NETGEAR R8000